<?xml version="1.0" encoding="UTF-8"?>
<!-- Generated by org.testng.reporters.JUnitReportReporter -->
<testsuite hostname="akilan-18633-gf" failures="0" tests="1" name="playwrightpomtests.TabsHandlingInPlayWright" time="23.941" errors="0" timestamp="2024-01-10T09:18:08 IST" skipped="0">
  <testcase classname="playwrightpomtests.TabsHandlingInPlayWright" name="testWindowFrames" time="23.941"/>
  <system-out/>
</testsuite> <!-- playwrightpomtests.TabsHandlingInPlayWright -->
